<?xml version="1.0" encoding="UTF-8"?>
<!-- Generated by org.testng.reporters.JUnitReportReporter -->
<testsuite skipped="1" hostname="PEBIPL1034" name="com.mktp.mktp_project.testRunner.AndroidWebRunner" tests="2" failures="0" timestamp="2021-01-14T17:28:20 IST" time="-1610625408.000" errors="1">
  <testcase name="feature" time="0.000" classname="com.mktp.mktp_project.testRunner.AndroidWebRunner">
    <skipped/>
  </testcase> <!-- feature -->
  <system-out/>
  <testcase name="setUpClass" time="-1610625408.000" classname="com.mktp.mktp_project.testRunner.AndroidWebRunner">
    <error type="org.testng.TestNGException" message="
Parameter &#039;URL_&#039; is required by BeforeClass on method setUpClass but has not been marked @Optional or defined
in C:\Users\superoot\AppData\Local\Temp\testng-eclipse-1370939965\testng-customsuite.xml">
      <![CDATA[org.testng.TestNGException: 
Parameter 'URL_' is required by BeforeClass on method setUpClass but has not been marked @Optional or defined
in C:\Users\superoot\AppData\Local\Temp\testng-eclipse-1370939965\testng-customsuite.xml
at org.testng.internal.Parameters.createParams(Parameters.java:268)
at org.testng.internal.Parameters.createParametersForMethod(Parameters.java:356)
at org.testng.internal.Parameters.createParameters(Parameters.java:700)
at org.testng.internal.Parameters.createConfigurationParameters(Parameters.java:166)
at org.testng.internal.ConfigInvoker.invokeConfigurations(ConfigInvoker.java:299)
at org.testng.internal.TestMethodWorker.invokeBeforeClassMethods(TestMethodWorker.java:176)
at org.testng.internal.TestMethodWorker.run(TestMethodWorker.java:122)
at java.util.ArrayList.forEach(Unknown Source)
at org.testng.TestRunner.privateRun(TestRunner.java:767)
at org.testng.TestRunner.run(TestRunner.java:588)
at org.testng.SuiteRunner.runTest(SuiteRunner.java:384)
at org.testng.SuiteRunner.runSequentially(SuiteRunner.java:378)
at org.testng.SuiteRunner.privateRun(SuiteRunner.java:337)
at org.testng.SuiteRunner.run(SuiteRunner.java:286)
at org.testng.SuiteRunnerWorker.runSuite(SuiteRunnerWorker.java:53)
at org.testng.SuiteRunnerWorker.run(SuiteRunnerWorker.java:96)
at org.testng.TestNG.runSuitesSequentially(TestNG.java:1214)
at org.testng.TestNG.runSuitesLocally(TestNG.java:1136)
at org.testng.TestNG.runSuites(TestNG.java:1066)
at org.testng.TestNG.run(TestNG.java:1034)
at org.testng.remote.AbstractRemoteTestNG.run(AbstractRemoteTestNG.java:115)
at org.testng.remote.RemoteTestNG.initAndRun(RemoteTestNG.java:251)
at org.testng.remote.RemoteTestNG.main(RemoteTestNG.java:77)
]]>
    </error>
  </testcase> <!-- setUpClass -->
  <system-out/>
</testsuite> <!-- com.mktp.mktp_project.testRunner.AndroidWebRunner -->
